Case #1: 8 12 20 1 9 17 2 3 5 4 7 10 11 14 15 6 16 13 18 19
Case #2: 2 1 4 3
Case #3: 1 4 5 6 7 2 3 8 9 10
Case #4: IMPOSSIBLE
Case #5: IMPOSSIBLE
Case #6: 2 9 1 3 4 5 6 7 8 10 11 12 13 14 15
Case #7: 1
Case #8: 1 8 2 3 4 5 6 7 9 11 12 10 13 14 15 17 18 16 19 20
Case #9: IMPOSSIBLE
Case #10: 20 19 18 17 6 5 2 1 4 3 8 7 9 10 15 14 13 12 11 16
Case #11: 1 2 7 8 9 10 11 12 13 14 15 16 3 17 4 18 5 19 6
Case #12: IMPOSSIBLE
Case #13: 1 3 5 6 8 9 10 13 15 18 2 4 7 11 12 14 16 17 19 20
Case #14: 1
Case #15: 1 2 3 4 5
Case #16: IMPOSSIBLE
Case #17: 2 3 4 5 6 8 1 7 9
Case #18: IMPOSSIBLE
Case #19: 1 2 3 4 5
Case #20: IMPOSSIBLE
Case #21: 5 6 4 11 1 14 8 3 7 13 16 17 12 18 10 9 19 20 2 15
Case #22: 1 2 3 4 5 6 7 9 8 10 11 12 13 14 15
Case #23: 2 1
Case #24: 1 2 3
Case #25: 1 2 4 3 6 7 5 8 9 10
