Case #1: 5 2 8 1 3 4 6 7 9 12 10 11 13 14 15
Case #2: IMPOSSIBLE
Case #3: 2 1 4 3
Case #4: 2 1
Case #5: 1 2 7 10 8 13 3 4 6 9 5 11 12 16 14 15 17 18 19 20
Case #6: 1 2 3 4 5
Case #7: IMPOSSIBLE
Case #8: 1
Case #9: IMPOSSIBLE
Case #10: IMPOSSIBLE
Case #11: 1 2 3 4 5 6 7 8 9 10 11 12 13 14 15
Case #12: 1
Case #13: 9 5 4 7 1 3 6 10 2 8
Case #14: IMPOSSIBLE
Case #15: IMPOSSIBLE
Case #16: 7 12 13 14 1 2 3 4 5 6 8 9 10 11 15 16 19 20 17 18
Case #17: 1 2 7 8 9 10 12 15 17 18 3 4 5 6 11 13 14 16 19 20
Case #18: IMPOSSIBLE
Case #19: 1 3 2 4 5
Case #20: 1 2 3
Case #21: 4 11 16 6 15 3 5 8 13 17 9 7 14 18 2 12 19 10 1 20
Case #22: IMPOSSIBLE
Case #23: IMPOSSIBLE
Case #24: 20 19 18 15 14 13 12 11 3 2 1 10 9 8 7 6 5 4 17 16
Case #25: IMPOSSIBLE
